2022-10-19 11:22:43,544 - hyperspy.signal - WARNING - The default iterpath will change in HyperSpy 2.0.
2022-10-19 12:23:58,468 - hyperspy.signal - WARNING - The default iterpath will change in HyperSpy 2.0.
2022-11-02 13:21:18,833 - hyperspy.io - WARNING - `signal_type='VirtualBSEImage'` not understood. See `hs.print_known_signal_types()` for a list of installed signal types or https://github.com/hyperspy/hyperspy-extensions-list for the list of all hyperspy extensions providing signals.
2022-11-02 13:21:18,899 - hyperspy.io - WARNING - `signal_type='VirtualBSEImage'` not understood. See `hs.print_known_signal_types()` for a list of installed signal types or https://github.com/hyperspy/hyperspy-extensions-list for the list of all hyperspy extensions providing signals.
2022-11-02 13:21:18,964 - hyperspy.io - WARNING - `signal_type='VirtualBSEImage'` not understood. See `hs.print_known_signal_types()` for a list of installed signal types or https://github.com/hyperspy/hyperspy-extensions-list for the list of all hyperspy extensions providing signals.
2022-11-02 15:26:29,051 - hyperspy.io - WARNING - `signal_type='VirtualBSEImage'` not understood. See `hs.print_known_signal_types()` for a list of installed signal types or https://github.com/hyperspy/hyperspy-extensions-list for the list of all hyperspy extensions providing signals.
2022-11-02 15:26:29,082 - hyperspy.io - WARNING - `signal_type='VirtualBSEImage'` not understood. See `hs.print_known_signal_types()` for a list of installed signal types or https://github.com/hyperspy/hyperspy-extensions-list for the list of all hyperspy extensions providing signals.
2022-11-02 15:26:29,113 - hyperspy.io - WARNING - `signal_type='VirtualBSEImage'` not understood. See `hs.print_known_signal_types()` for a list of installed signal types or https://github.com/hyperspy/hyperspy-extensions-list for the list of all hyperspy extensions providing signals.
2022-11-02 15:29:49,783 - hyperspy.io - WARNING - `signal_type='VirtualBSEImage'` not understood. See `hs.print_known_signal_types()` for a list of installed signal types or https://github.com/hyperspy/hyperspy-extensions-list for the list of all hyperspy extensions providing signals.
2022-11-02 15:29:49,832 - hyperspy.io - WARNING - `signal_type='VirtualBSEImage'` not understood. See `hs.print_known_signal_types()` for a list of installed signal types or https://github.com/hyperspy/hyperspy-extensions-list for the list of all hyperspy extensions providing signals.
2022-11-02 15:29:49,993 - hyperspy.io - WARNING - `signal_type='VirtualBSEImage'` not understood. See `hs.print_known_signal_types()` for a list of installed signal types or https://github.com/hyperspy/hyperspy-extensions-list for the list of all hyperspy extensions providing signals.
2022-11-02 15:31:39,608 - hyperspy.io - WARNING - `signal_type='VirtualBSEImage'` not understood. See `hs.print_known_signal_types()` for a list of installed signal types or https://github.com/hyperspy/hyperspy-extensions-list for the list of all hyperspy extensions providing signals.
2022-11-02 15:31:39,723 - hyperspy.io - WARNING - `signal_type='VirtualBSEImage'` not understood. See `hs.print_known_signal_types()` for a list of installed signal types or https://github.com/hyperspy/hyperspy-extensions-list for the list of all hyperspy extensions providing signals.
2022-11-02 15:31:39,842 - hyperspy.io - WARNING - `signal_type='VirtualBSEImage'` not understood. See `hs.print_known_signal_types()` for a list of installed signal types or https://github.com/hyperspy/hyperspy-extensions-list for the list of all hyperspy extensions providing signals.
2022-11-03 14:17:37,466 - hyperspy.io - WARNING - `signal_type='VirtualBSEImage'` not understood. See `hs.print_known_signal_types()` for a list of installed signal types or https://github.com/hyperspy/hyperspy-extensions-list for the list of all hyperspy extensions providing signals.
2022-11-03 14:17:37,672 - hyperspy.io - WARNING - `signal_type='VirtualBSEImage'` not understood. See `hs.print_known_signal_types()` for a list of installed signal types or https://github.com/hyperspy/hyperspy-extensions-list for the list of all hyperspy extensions providing signals.
2022-11-03 14:17:37,902 - hyperspy.io - WARNING - `signal_type='VirtualBSEImage'` not understood. See `hs.print_known_signal_types()` for a list of installed signal types or https://github.com/hyperspy/hyperspy-extensions-list for the list of all hyperspy extensions providing signals.
2022-11-03 14:32:03,989 - hyperspy.io - WARNING - `signal_type='VirtualBSEImage'` not understood. See `hs.print_known_signal_types()` for a list of installed signal types or https://github.com/hyperspy/hyperspy-extensions-list for the list of all hyperspy extensions providing signals.
2022-11-03 14:32:04,177 - hyperspy.io - WARNING - `signal_type='VirtualBSEImage'` not understood. See `hs.print_known_signal_types()` for a list of installed signal types or https://github.com/hyperspy/hyperspy-extensions-list for the list of all hyperspy extensions providing signals.
2022-11-03 14:32:04,381 - hyperspy.io - WARNING - `signal_type='VirtualBSEImage'` not understood. See `hs.print_known_signal_types()` for a list of installed signal types or https://github.com/hyperspy/hyperspy-extensions-list for the list of all hyperspy extensions providing signals.
2022-11-03 14:50:12,763 - hyperspy.io - WARNING - `signal_type='VirtualBSEImage'` not understood. See `hs.print_known_signal_types()` for a list of installed signal types or https://github.com/hyperspy/hyperspy-extensions-list for the list of all hyperspy extensions providing signals.
2022-11-03 14:50:12,996 - hyperspy.io - WARNING - `signal_type='VirtualBSEImage'` not understood. See `hs.print_known_signal_types()` for a list of installed signal types or https://github.com/hyperspy/hyperspy-extensions-list for the list of all hyperspy extensions providing signals.
2022-11-03 14:50:13,225 - hyperspy.io - WARNING - `signal_type='VirtualBSEImage'` not understood. See `hs.print_known_signal_types()` for a list of installed signal types or https://github.com/hyperspy/hyperspy-extensions-list for the list of all hyperspy extensions providing signals.
2022-11-03 15:27:08,824 - hyperspy.io - WARNING - `signal_type='VirtualBSEImage'` not understood. See `hs.print_known_signal_types()` for a list of installed signal types or https://github.com/hyperspy/hyperspy-extensions-list for the list of all hyperspy extensions providing signals.
2022-11-03 15:27:08,842 - hyperspy.io - WARNING - `signal_type='VirtualBSEImage'` not understood. See `hs.print_known_signal_types()` for a list of installed signal types or https://github.com/hyperspy/hyperspy-extensions-list for the list of all hyperspy extensions providing signals.
2022-11-03 15:27:08,859 - hyperspy.io - WARNING - `signal_type='VirtualBSEImage'` not understood. See `hs.print_known_signal_types()` for a list of installed signal types or https://github.com/hyperspy/hyperspy-extensions-list for the list of all hyperspy extensions providing signals.
2022-11-03 15:37:48,171 - hyperspy.io - WARNING - `signal_type='VirtualBSEImage'` not understood. See `hs.print_known_signal_types()` for a list of installed signal types or https://github.com/hyperspy/hyperspy-extensions-list for the list of all hyperspy extensions providing signals.
2022-11-03 15:37:48,190 - hyperspy.io - WARNING - `signal_type='VirtualBSEImage'` not understood. See `hs.print_known_signal_types()` for a list of installed signal types or https://github.com/hyperspy/hyperspy-extensions-list for the list of all hyperspy extensions providing signals.
2022-11-03 15:37:48,209 - hyperspy.io - WARNING - `signal_type='VirtualBSEImage'` not understood. See `hs.print_known_signal_types()` for a list of installed signal types or https://github.com/hyperspy/hyperspy-extensions-list for the list of all hyperspy extensions providing signals.
2022-11-08 11:10:42,512 - hyperspy.io - WARNING - `signal_type='VirtualBSEImage'` not understood. See `hs.print_known_signal_types()` for a list of installed signal types or https://github.com/hyperspy/hyperspy-extensions-list for the list of all hyperspy extensions providing signals.
2022-11-08 11:10:42,550 - hyperspy.io - WARNING - `signal_type='VirtualBSEImage'` not understood. See `hs.print_known_signal_types()` for a list of installed signal types or https://github.com/hyperspy/hyperspy-extensions-list for the list of all hyperspy extensions providing signals.
2022-11-08 11:10:42,569 - hyperspy.io - WARNING - `signal_type='VirtualBSEImage'` not understood. See `hs.print_known_signal_types()` for a list of installed signal types or https://github.com/hyperspy/hyperspy-extensions-list for the list of all hyperspy extensions providing signals.
2022-11-08 11:11:26,286 - hyperspy.io - WARNING - `signal_type='VirtualBSEImage'` not understood. See `hs.print_known_signal_types()` for a list of installed signal types or https://github.com/hyperspy/hyperspy-extensions-list for the list of all hyperspy extensions providing signals.
2022-11-08 11:11:26,405 - hyperspy.io - WARNING - `signal_type='VirtualBSEImage'` not understood. See `hs.print_known_signal_types()` for a list of installed signal types or https://github.com/hyperspy/hyperspy-extensions-list for the list of all hyperspy extensions providing signals.
2022-11-08 11:11:26,487 - hyperspy.io - WARNING - `signal_type='VirtualBSEImage'` not understood. See `hs.print_known_signal_types()` for a list of installed signal types or https://github.com/hyperspy/hyperspy-extensions-list for the list of all hyperspy extensions providing signals.
2022-11-09 11:49:57,848 - kikuchipy.io.plugins.ebsd_directory - INFO - 1 patterns found in directory
2022-11-09 11:49:57,850 - kikuchipy.io.plugins.ebsd_directory - INFO - Navigation shape is (1,)
2022-11-09 11:49:57,854 - kikuchipy.io.plugins.ebsd_directory - INFO - Sample pattern has shape (120, 120) and dtype uint8
2022-11-09 11:50:41,236 - kikuchipy.io.plugins.ebsd_directory - INFO - 1 patterns found in directory
2022-11-09 11:50:41,238 - kikuchipy.io.plugins.ebsd_directory - INFO - Navigation shape is (1,)
2022-11-09 11:50:41,240 - kikuchipy.io.plugins.ebsd_directory - INFO - Sample pattern has shape (120, 120) and dtype uint8
2022-11-09 12:02:15,045 - kikuchipy.io.plugins.ebsd_directory - INFO - 1 patterns found in directory
2022-11-09 12:02:15,045 - kikuchipy.io.plugins.ebsd_directory - INFO - Navigation shape is (1,)
2022-11-09 12:02:15,047 - kikuchipy.io.plugins.ebsd_directory - INFO - Sample pattern has shape (120, 120) and dtype uint8
2022-11-10 09:54:56,729 - hyperspy.io - WARNING - `signal_type='VirtualBSEImage'` not understood. See `hs.print_known_signal_types()` for a list of installed signal types or https://github.com/hyperspy/hyperspy-extensions-list for the list of all hyperspy extensions providing signals.
2022-11-10 09:54:57,096 - hyperspy.io - WARNING - `signal_type='VirtualBSEImage'` not understood. See `hs.print_known_signal_types()` for a list of installed signal types or https://github.com/hyperspy/hyperspy-extensions-list for the list of all hyperspy extensions providing signals.
2022-11-10 09:54:57,126 - hyperspy.io - WARNING - `signal_type='VirtualBSEImage'` not understood. See `hs.print_known_signal_types()` for a list of installed signal types or https://github.com/hyperspy/hyperspy-extensions-list for the list of all hyperspy extensions providing signals.
2022-11-10 09:55:08,829 - hyperspy.io - WARNING - `signal_type='VirtualBSEImage'` not understood. See `hs.print_known_signal_types()` for a list of installed signal types or https://github.com/hyperspy/hyperspy-extensions-list for the list of all hyperspy extensions providing signals.
2022-11-10 09:55:08,885 - hyperspy.io - WARNING - `signal_type='VirtualBSEImage'` not understood. See `hs.print_known_signal_types()` for a list of installed signal types or https://github.com/hyperspy/hyperspy-extensions-list for the list of all hyperspy extensions providing signals.
2022-11-10 09:55:08,917 - hyperspy.io - WARNING - `signal_type='VirtualBSEImage'` not understood. See `hs.print_known_signal_types()` for a list of installed signal types or https://github.com/hyperspy/hyperspy-extensions-list for the list of all hyperspy extensions providing signals.
2022-11-10 09:55:30,532 - hyperspy.io - WARNING - `signal_type='VirtualBSEImage'` not understood. See `hs.print_known_signal_types()` for a list of installed signal types or https://github.com/hyperspy/hyperspy-extensions-list for the list of all hyperspy extensions providing signals.
2022-11-10 09:55:30,601 - hyperspy.io - WARNING - `signal_type='VirtualBSEImage'` not understood. See `hs.print_known_signal_types()` for a list of installed signal types or https://github.com/hyperspy/hyperspy-extensions-list for the list of all hyperspy extensions providing signals.
2022-11-10 09:55:30,670 - hyperspy.io - WARNING - `signal_type='VirtualBSEImage'` not understood. See `hs.print_known_signal_types()` for a list of installed signal types or https://github.com/hyperspy/hyperspy-extensions-list for the list of all hyperspy extensions providing signals.
2022-11-10 10:38:34,657 - hyperspy.io - WARNING - `signal_type='VirtualBSEImage'` not understood. See `hs.print_known_signal_types()` for a list of installed signal types or https://github.com/hyperspy/hyperspy-extensions-list for the list of all hyperspy extensions providing signals.
2022-11-10 10:38:34,756 - hyperspy.io - WARNING - `signal_type='VirtualBSEImage'` not understood. See `hs.print_known_signal_types()` for a list of installed signal types or https://github.com/hyperspy/hyperspy-extensions-list for the list of all hyperspy extensions providing signals.
2022-11-10 10:38:34,871 - hyperspy.io - WARNING - `signal_type='VirtualBSEImage'` not understood. See `hs.print_known_signal_types()` for a list of installed signal types or https://github.com/hyperspy/hyperspy-extensions-list for the list of all hyperspy extensions providing signals.
2022-11-10 11:06:46,149 - hyperspy.io - WARNING - `signal_type='VirtualBSEImage'` not understood. See `hs.print_known_signal_types()` for a list of installed signal types or https://github.com/hyperspy/hyperspy-extensions-list for the list of all hyperspy extensions providing signals.
2022-11-10 11:06:46,201 - hyperspy.io - WARNING - `signal_type='VirtualBSEImage'` not understood. See `hs.print_known_signal_types()` for a list of installed signal types or https://github.com/hyperspy/hyperspy-extensions-list for the list of all hyperspy extensions providing signals.
2022-11-10 11:06:46,266 - hyperspy.io - WARNING - `signal_type='VirtualBSEImage'` not understood. See `hs.print_known_signal_types()` for a list of installed signal types or https://github.com/hyperspy/hyperspy-extensions-list for the list of all hyperspy extensions providing signals.
2022-11-10 11:22:07,195 - hyperspy.io - WARNING - `signal_type='VirtualBSEImage'` not understood. See `hs.print_known_signal_types()` for a list of installed signal types or https://github.com/hyperspy/hyperspy-extensions-list for the list of all hyperspy extensions providing signals.
2022-11-10 11:22:07,232 - hyperspy.io - WARNING - `signal_type='VirtualBSEImage'` not understood. See `hs.print_known_signal_types()` for a list of installed signal types or https://github.com/hyperspy/hyperspy-extensions-list for the list of all hyperspy extensions providing signals.
2022-11-10 11:22:07,374 - hyperspy.io - WARNING - `signal_type='VirtualBSEImage'` not understood. See `hs.print_known_signal_types()` for a list of installed signal types or https://github.com/hyperspy/hyperspy-extensions-list for the list of all hyperspy extensions providing signals.
2022-11-10 11:30:08,977 - hyperspy.io - WARNING - `signal_type='VirtualBSEImage'` not understood. See `hs.print_known_signal_types()` for a list of installed signal types or https://github.com/hyperspy/hyperspy-extensions-list for the list of all hyperspy extensions providing signals.
2022-11-10 11:30:09,025 - hyperspy.io - WARNING - `signal_type='VirtualBSEImage'` not understood. See `hs.print_known_signal_types()` for a list of installed signal types or https://github.com/hyperspy/hyperspy-extensions-list for the list of all hyperspy extensions providing signals.
2022-11-10 11:30:09,067 - hyperspy.io - WARNING - `signal_type='VirtualBSEImage'` not understood. See `hs.print_known_signal_types()` for a list of installed signal types or https://github.com/hyperspy/hyperspy-extensions-list for the list of all hyperspy extensions providing signals.
2022-11-10 11:50:42,731 - hyperspy.io - WARNING - `signal_type='VirtualBSEImage'` not understood. See `hs.print_known_signal_types()` for a list of installed signal types or https://github.com/hyperspy/hyperspy-extensions-list for the list of all hyperspy extensions providing signals.
2022-11-10 11:50:42,774 - hyperspy.io - WARNING - `signal_type='VirtualBSEImage'` not understood. See `hs.print_known_signal_types()` for a list of installed signal types or https://github.com/hyperspy/hyperspy-extensions-list for the list of all hyperspy extensions providing signals.
2022-11-10 11:50:42,812 - hyperspy.io - WARNING - `signal_type='VirtualBSEImage'` not understood. See `hs.print_known_signal_types()` for a list of installed signal types or https://github.com/hyperspy/hyperspy-extensions-list for the list of all hyperspy extensions providing signals.
